\BOOKMARK [0][-]{chapter.1}{\376\377\000I\000n\000t\000r\000o\000d\000u\000c\000t\000i\000o\000n}{}% 1
\BOOKMARK [1][-]{section.1.1}{\376\377\000T\000h\000e\000\040\000p\000u\000r\000p\000o\000s\000e\000\040\000o\000f\000\040\000p\000o\000l\000y\000m\000o\000r\000p\000h\000i\000s\000m}{chapter.1}% 2
\BOOKMARK [1][-]{section.1.2}{\376\377\000S\000o\000u\000r\000c\000e\000\040\000c\000o\000d\000e\000\040\000d\000e\000p\000e\000n\000d\000e\000n\000c\000i\000e\000s\000\040\000i\000n\000\040\000s\000t\000a\000t\000i\000c\000a\000l\000l\000y\000\040\000t\000y\000p\000e\000d\000\040\000l\000a\000n\000g\000u\000a\000g\000e\000s}{chapter.1}% 3
\BOOKMARK [1][-]{section.1.3}{\376\377\000M\000o\000d\000e\000r\000n\000\040\000d\000e\000v\000e\000l\000o\000p\000m\000e\000n\000t\000s}{chapter.1}% 4
\BOOKMARK [1][-]{section.1.4}{\376\377\000H\000i\000s\000t\000o\000r\000i\000c\000a\000l\000\040\000b\000a\000c\000k\000g\000r\000o\000u\000n\000d}{chapter.1}% 5
\BOOKMARK [0][-]{chapter.2}{\376\377\000C\000a\000s\000e\000\040\000s\000t\000u\000d\000y\000:\000\040\000C\000a\000l\000c\000u\000l\000a\000t\000i\000n\000g\000\040\000t\000h\000e\000\040\000a\000v\000e\000r\000a\000g\000e\000\040\000v\000a\000l\000u\000e\000\040\000o\000f\000\040\000a\000\040\000n\000u\000m\000e\000r\000i\000c\000\040\000a\000r\000r\000a\000y}{}% 6
\BOOKMARK [1][-]{section.2.1}{\376\377\000M\000o\000n\000o\000m\000o\000r\000p\000h\000i\000c\000\040\000f\000u\000n\000c\000t\000i\000o\000n\000a\000l\000\040\000i\000m\000p\000l\000e\000m\000e\000n\000t\000a\000t\000i\000o\000n}{chapter.2}% 7
\BOOKMARK [1][-]{section.2.2}{\376\377\000P\000o\000l\000y\000m\000o\000r\000p\000h\000i\000c\000\040\000f\000u\000n\000c\000t\000i\000o\000n\000a\000l\000\040\000i\000m\000p\000l\000e\000m\000e\000n\000t\000a\000t\000i\000o\000n}{chapter.2}% 8
\BOOKMARK [0][-]{chapter.3}{\376\377\000S\000u\000r\000v\000e\000y\000\040\000o\000f\000\040\000m\000o\000d\000e\000r\000n\000\040\000l\000a\000n\000g\000u\000a\000g\000e\000s}{}% 9
\BOOKMARK [1][-]{section.3.1}{\376\377\000G\000o}{chapter.3}% 10
\BOOKMARK [2][-]{subsection.3.1.1}{\376\377\000E\000n\000c\000a\000p\000s\000u\000l\000a\000t\000e\000d\000\040\000v\000e\000r\000s\000i\000o\000n\000\040\000c\000o\000d\000e\000d\000\040\000i\000n\000\040\000G\000o}{section.3.1}% 11
\BOOKMARK [1][-]{section.3.2}{\376\377\000R\000u\000s\000t}{chapter.3}% 12
\BOOKMARK [2][-]{subsection.3.2.1}{\376\377\000E\000n\000c\000a\000p\000s\000u\000l\000a\000t\000e\000d\000\040\000v\000e\000r\000s\000i\000o\000n\000\040\000c\000o\000d\000e\000d\000\040\000i\000n\000\040\000R\000u\000s\000t}{section.3.2}% 13
\BOOKMARK [1][-]{section.3.3}{\376\377\000S\000w\000i\000f\000t}{chapter.3}% 14
\BOOKMARK [2][-]{subsection.3.3.1}{\376\377\000E\000n\000c\000a\000p\000s\000u\000l\000a\000t\000e\000d\000\040\000v\000e\000r\000s\000i\000o\000n\000\040\000c\000o\000d\000e\000d\000\040\000i\000n\000\040\000S\000w\000i\000f\000t}{section.3.3}% 15
\BOOKMARK [1][-]{section.3.4}{\376\377\000C\000o\000n\000c\000l\000u\000s\000i\000o\000n\000s}{chapter.3}% 16
\BOOKMARK [2][-]{subsection.3.4.1}{\376\377\000G\000o}{section.3.4}% 17
\BOOKMARK [2][-]{subsection.3.4.2}{\376\377\000R\000u\000s\000t}{section.3.4}% 18
\BOOKMARK [2][-]{subsection.3.4.3}{\376\377\000S\000w\000i\000f\000t}{section.3.4}% 19
\BOOKMARK [0][-]{chapter.4}{\376\377\000F\000o\000r\000t\000r\000a\000n\000\040\000a\000d\000d\000i\000t\000i\000o\000n\000s\000\040\000I\000:\000\040\000S\000u\000b\000t\000y\000p\000i\000n\000g}{}% 20
\BOOKMARK [1][-]{section.4.1}{\376\377\000N\000a\000m\000e\000d\000\040\000a\000b\000s\000t\000r\000a\000c\000t\000\040\000i\000n\000t\000e\000r\000f\000a\000c\000e\000s\000\040\000\050\000t\000r\000a\000i\000t\000s\000\051}{chapter.4}% 21
\BOOKMARK [2][-]{subsection.4.1.1}{\376\377\000D\000e\000f\000i\000n\000i\000t\000i\000o\000n}{section.4.1}% 22
\BOOKMARK [2][-]{subsection.4.1.2}{\376\377\000E\000x\000t\000e\000n\000d\000s\000\040\000a\000t\000t\000r\000i\000b\000u\000t\000e}{section.4.1}% 23
\BOOKMARK [1][-]{section.4.2}{\376\377\000D\000e\000c\000l\000a\000r\000a\000t\000i\000o\000n\000\040\000o\000f\000\040\000r\000u\000n\000-\000t\000i\000m\000e\000\040\000p\000o\000l\000y\000m\000o\000r\000p\000h\000i\000c\000\040\000v\000a\000r\000i\000a\000b\000l\000e\000s\000\040\000\050\000t\000r\000a\000i\000t\000\040\000o\000b\000j\000e\000c\000t\000s\000\051}{chapter.4}% 24
\BOOKMARK [2][-]{subsection.4.2.1}{\376\377\000C\000l\000a\000s\000s\000\040\000s\000p\000e\000c\000i\000f\000i\000e\000r\000\040\000w\000i\000t\000h\000\040\000t\000r\000a\000i\000t\000s}{section.4.2}% 25
\BOOKMARK [2][-]{subsection.4.2.2}{\376\377\000C\000l\000a\000s\000s\000\040\000s\000p\000e\000c\000i\000f\000i\000e\000r\000\040\000w\000i\000t\000h\000\040\000t\000r\000a\000i\000t\000\040\000c\000o\000m\000b\000i\000n\000a\000t\000i\000o\000n\000s}{section.4.2}% 26
\BOOKMARK [1][-]{section.4.3}{\376\377\000I\000m\000p\000l\000e\000m\000e\000n\000t\000i\000n\000g\000\040\000t\000r\000a\000i\000t\000s}{chapter.4}% 27
\BOOKMARK [2][-]{subsection.4.3.1}{\376\377\000I\000m\000p\000l\000e\000m\000e\000n\000t\000s\000\040\000t\000y\000p\000e\000-\000a\000t\000t\000r\000i\000b\000u\000t\000e}{section.4.3}% 28
\BOOKMARK [2][-]{subsection.4.3.2}{\376\377\000I\000m\000p\000l\000e\000m\000e\000n\000t\000s\000\040\000s\000t\000a\000t\000e\000m\000e\000n\000t\000:\000\040\000R\000e\000t\000r\000o\000a\000c\000t\000i\000v\000e\000l\000y\000\040\000a\000d\000d\000i\000n\000g\000\040\000f\000u\000n\000c\000t\000i\000o\000n\000a\000l\000i\000t\000y\000\040\000t\000o\000\040\000t\000y\000p\000e\000s}{section.4.3}% 29
\BOOKMARK [1][-]{section.4.4}{\376\377\000I\000n\000t\000e\000r\000o\000p\000e\000r\000a\000b\000i\000l\000i\000t\000y\000\040\000w\000i\000t\000h\000\040\000s\000u\000b\000c\000l\000a\000s\000s\000i\000n\000g}{chapter.4}% 30
\BOOKMARK [0][-]{chapter.5}{\376\377\000F\000o\000r\000t\000r\000a\000n\000\040\000a\000d\000d\000i\000t\000i\000o\000n\000s\000\040\000I\000I\000:\000\040\000G\000e\000n\000e\000r\000i\000c\000s}{}% 31
\BOOKMARK [1][-]{section.5.1}{\376\377\000E\000n\000h\000a\000n\000c\000e\000m\000e\000n\000t\000s\000\040\000t\000o\000\040\000i\000n\000t\000e\000r\000f\000a\000c\000e\000s}{chapter.5}% 32
\BOOKMARK [2][-]{subsection.5.1.1}{\376\377\000G\000e\000n\000e\000r\000i\000c\000\040\000p\000r\000o\000c\000e\000d\000u\000r\000e\000\040\000s\000i\000g\000n\000a\000t\000u\000r\000e\000s}{section.5.1}% 33
\BOOKMARK [2][-]{subsection.5.1.2}{\376\377\000T\000y\000p\000e\000\040\000s\000e\000t\000s}{section.5.1}% 34
\BOOKMARK [1][-]{section.5.2}{\376\377\000B\000u\000i\000l\000t\000-\000i\000n\000\040\000f\000a\000c\000i\000l\000i\000t\000y\000\040\000f\000o\000r\000\040\000c\000o\000n\000v\000e\000r\000s\000i\000o\000n\000\040\000t\000o\000\040\000g\000e\000n\000e\000r\000i\000c\000\040\000t\000y\000p\000e\000s}{chapter.5}% 35
\BOOKMARK [1][-]{section.5.3}{\376\377\000G\000e\000n\000e\000r\000i\000c\000\040\000p\000r\000o\000c\000e\000d\000u\000r\000e\000s\000,\000\040\000m\000e\000t\000h\000o\000d\000s\000,\000\040\000a\000n\000d\000\040\000d\000e\000r\000i\000v\000e\000d\000\040\000t\000y\000p\000e\000s}{chapter.5}% 36
\BOOKMARK [2][-]{subsection.5.3.1}{\376\377\000G\000e\000n\000e\000r\000i\000c\000\040\000p\000r\000o\000c\000e\000d\000u\000r\000e\000s}{section.5.3}% 37
\BOOKMARK [2][-]{subsection.5.3.2}{\376\377\000G\000e\000n\000e\000r\000i\000c\000\040\000m\000e\000t\000h\000o\000d\000s}{section.5.3}% 38
\BOOKMARK [2][-]{subsection.5.3.3}{\376\377\000G\000e\000n\000e\000r\000i\000c\000\040\000d\000e\000r\000i\000v\000e\000d\000\040\000t\000y\000p\000e\000s}{section.5.3}% 39
\BOOKMARK [1][-]{section.5.4}{\376\377\000U\000p\000d\000a\000t\000e\000d\000\040\000s\000t\000r\000u\000c\000t\000u\000r\000e\000\040\000c\000o\000n\000s\000t\000r\000u\000c\000t\000o\000r\000s}{chapter.5}% 40
\BOOKMARK [1][-]{section.5.5}{\376\377\000A\000s\000s\000o\000c\000i\000a\000t\000e\000d\000\040\000t\000y\000p\000e\000s}{chapter.5}% 41
\BOOKMARK [1][-]{section.5.6}{\376\377\000E\000x\000t\000e\000n\000s\000i\000b\000i\000l\000i\000t\000y\000\040\000t\000o\000\040\000r\000a\000n\000k\000\040\000g\000e\000n\000e\000r\000i\000c\000i\000t\000y}{chapter.5}% 42
\BOOKMARK [0][-]{chapter.6}{\376\377\000F\000o\000r\000t\000r\000a\000n\000\040\000v\000e\000r\000s\000i\000o\000n\000s\000\040\000o\000f\000\040\000t\000h\000e\000\040\000t\000e\000s\000t\000\040\000p\000r\000o\000b\000l\000e\000m}{}% 43
\BOOKMARK [1][-]{section.6.1}{\376\377\000F\000u\000n\000c\000t\000i\000o\000n\000a\000l\000\040\000v\000e\000r\000s\000i\000o\000n\000s}{chapter.6}% 44
\BOOKMARK [2][-]{subsection.6.1.1}{\376\377\000A\000u\000t\000o\000m\000a\000t\000i\000c\000\040\000i\000n\000s\000t\000a\000n\000t\000i\000a\000t\000i\000o\000n\000\040\000o\000f\000\040\000g\000e\000n\000e\000r\000i\000c\000\040\000p\000r\000o\000c\000e\000d\000u\000r\000e\000s}{section.6.1}% 45
\BOOKMARK [2][-]{subsection.6.1.2}{\376\377\000M\000a\000n\000u\000a\000l\000\040\000i\000n\000s\000t\000a\000n\000t\000i\000a\000t\000i\000o\000n\000\040\000o\000f\000\040\000g\000e\000n\000e\000r\000i\000c\000\040\000p\000r\000o\000c\000e\000d\000u\000r\000e\000s}{section.6.1}% 46
\BOOKMARK [1][-]{section.6.2}{\376\377\000E\000n\000c\000a\000p\000s\000u\000l\000a\000t\000e\000d\000\040\000v\000e\000r\000s\000i\000o\000n\000s}{chapter.6}% 47
\BOOKMARK [2][-]{subsection.6.2.1}{\376\377\000D\000y\000n\000a\000m\000i\000c\000\040\000m\000e\000t\000h\000o\000d\000\040\000d\000i\000s\000p\000a\000t\000c\000h}{section.6.2}% 48
\BOOKMARK [2][-]{subsection.6.2.2}{\376\377\000S\000t\000a\000t\000i\000c\000\040\000m\000e\000t\000h\000o\000d\000\040\000d\000i\000s\000p\000a\000t\000c\000h}{section.6.2}% 49
\BOOKMARK [2][-]{subsection.6.2.3}{\376\377\000S\000t\000a\000t\000i\000c\000\040\000m\000e\000t\000h\000o\000d\000\040\000d\000i\000s\000p\000a\000t\000c\000h\000\040\000a\000n\000d\000\040\000s\000t\000a\000t\000i\000c\000\040\000o\000b\000j\000e\000c\000t\000\040\000d\000e\000c\000l\000a\000r\000a\000t\000i\000o\000n\000s}{section.6.2}% 50
\BOOKMARK [0][-]{chapter.7}{\376\377\000C\000o\000n\000c\000l\000u\000s\000i\000o\000n\000s}{}% 51
